<?xml version="1.0" encoding="UTF-8"?>
<!-- Generated by org.testng.reporters.JUnitReportReporter -->
<testsuite hostname="Maniraaj" failures="0" tests="9" name="vendorAppTest.vendorAppTest" time="12.222" errors="0" timestamp="2024-11-23T20:54:33 EST" skipped="0">
  <testcase classname="vendorAppTest.vendorAppTest" name="dashboardTest" time="2.646"/>
  <testcase classname="vendorAppTest.vendorAppTest" name="dashboardTest" time="1.353"/>
  <testcase classname="vendorAppTest.vendorAppTest" name="logoutTest" time="1.475"/>
  <testcase classname="vendorAppTest.vendorAppTest" name="loginTest" time="0.738"/>
  <testcase classname="vendorAppTest.vendorAppTest" name="loginTest" time="0.762"/>
  <testcase classname="vendorAppTest.vendorAppTest" name="dashboardTest" time="1.885"/>
  <testcase classname="vendorAppTest.vendorAppTest" name="logoutTest" time="1.016"/>
  <testcase classname="vendorAppTest.vendorAppTest" name="loginTest" time="0.867"/>
  <testcase classname="vendorAppTest.vendorAppTest" name="logoutTest" time="1.480"/>
</testsuite> <!-- vendorAppTest.vendorAppTest -->
