<?xml version="1.0" encoding="UTF-8"?>
<!-- Generated by org.testng.reporters.JUnitReportReporter -->
<testsuite hostname="Maniraaj" failures="0" tests="15" name="flightReservationTest.flightReservationTest" time="22.662" errors="0" timestamp="2024-11-26T22:14:08 EST" skipped="0">
  <testcase classname="flightReservationTest.flightReservationTest" name="userRegistrationTest" time="1.552"/>
  <testcase classname="flightReservationTest.flightReservationTest" name="registrationConfirmationTest" time="2.519"/>
  <testcase classname="flightReservationTest.flightReservationTest" name="reserveConfTest" time="0.753"/>
  <testcase classname="flightReservationTest.flightReservationTest" name="flightSelectTest" time="2.775"/>
  <testcase classname="flightReservationTest.flightReservationTest" name="registrationConfirmationTest" time="1.942"/>
  <testcase classname="flightReservationTest.flightReservationTest" name="userRegistrationTest" time="1.927"/>
  <testcase classname="flightReservationTest.flightReservationTest" name="registrationConfirmationTest" time="0.922"/>
  <testcase classname="flightReservationTest.flightReservationTest" name="reserveConfTest" time="0.795"/>
  <testcase classname="flightReservationTest.flightReservationTest" name="userRegistrationTest" time="1.692"/>
  <testcase classname="flightReservationTest.flightReservationTest" name="flightSearchTest" time="1.000"/>
  <testcase classname="flightReservationTest.flightReservationTest" name="flightSelectTest" time="1.558"/>
  <testcase classname="flightReservationTest.flightReservationTest" name="flightSearchTest" time="1.761"/>
  <testcase classname="flightReservationTest.flightReservationTest" name="flightSelectTest" time="1.034"/>
  <testcase classname="flightReservationTest.flightReservationTest" name="reserveConfTest" time="0.755"/>
  <testcase classname="flightReservationTest.flightReservationTest" name="flightSearchTest" time="1.677"/>
</testsuite> <!-- flightReservationTest.flightReservationTest -->
