<?xml version="1.0" encoding="UTF-8"?>
<!-- Generated by org.testng.reporters.JUnitReportReporter -->
<testsuite hostname="Maniraaj" failures="0" tests="15" name="flightReservationTest.flightReservationTest" time="25.384" errors="0" timestamp="2024-11-24T11:38:12 EST" skipped="0">
  <testcase classname="flightReservationTest.flightReservationTest" name="reserveConfTest" time="0.705"/>
  <testcase classname="flightReservationTest.flightReservationTest" name="reserveConfTest" time="0.694"/>
  <testcase classname="flightReservationTest.flightReservationTest" name="flightSelectTest" time="1.622"/>
  <testcase classname="flightReservationTest.flightReservationTest" name="registrationConfirmationTest" time="2.500"/>
  <testcase classname="flightReservationTest.flightReservationTest" name="userRegistrationTest" time="2.107"/>
  <testcase classname="flightReservationTest.flightReservationTest" name="flightSearchTest" time="1.572"/>
  <testcase classname="flightReservationTest.flightReservationTest" name="registrationConfirmationTest" time="1.432"/>
  <testcase classname="flightReservationTest.flightReservationTest" name="userRegistrationTest" time="2.057"/>
  <testcase classname="flightReservationTest.flightReservationTest" name="reserveConfTest" time="2.365"/>
  <testcase classname="flightReservationTest.flightReservationTest" name="flightSelectTest" time="1.639"/>
  <testcase classname="flightReservationTest.flightReservationTest" name="flightSearchTest" time="2.113"/>
  <testcase classname="flightReservationTest.flightReservationTest" name="userRegistrationTest" time="2.026"/>
  <testcase classname="flightReservationTest.flightReservationTest" name="flightSelectTest" time="1.064"/>
  <testcase classname="flightReservationTest.flightReservationTest" name="flightSearchTest" time="2.085"/>
  <testcase classname="flightReservationTest.flightReservationTest" name="registrationConfirmationTest" time="1.403"/>
</testsuite> <!-- flightReservationTest.flightReservationTest -->
