<?xml version="1.0" encoding="UTF-8"?>
<!-- Generated by org.testng.reporters.JUnitReportReporter -->
<testsuite hostname="Maniraaj" failures="0" tests="15" name="flightReservationTest.flightReservationTest" time="30.419" errors="0" timestamp="2024-11-26T19:49:41 EST" skipped="0">
  <testcase classname="flightReservationTest.flightReservationTest" name="flightSearchTest" time="1.111"/>
  <testcase classname="flightReservationTest.flightReservationTest" name="flightSearchTest" time="1.061"/>
  <testcase classname="flightReservationTest.flightReservationTest" name="reserveConfTest" time="2.359"/>
  <testcase classname="flightReservationTest.flightReservationTest" name="registrationConfirmationTest" time="2.088"/>
  <testcase classname="flightReservationTest.flightReservationTest" name="registrationConfirmationTest" time="0.924"/>
  <testcase classname="flightReservationTest.flightReservationTest" name="reserveConfTest" time="1.608"/>
  <testcase classname="flightReservationTest.flightReservationTest" name="flightSearchTest" time="1.137"/>
  <testcase classname="flightReservationTest.flightReservationTest" name="flightSelectTest" time="1.939"/>
  <testcase classname="flightReservationTest.flightReservationTest" name="flightSelectTest" time="3.021"/>
  <testcase classname="flightReservationTest.flightReservationTest" name="userRegistrationTest" time="3.217"/>
  <testcase classname="flightReservationTest.flightReservationTest" name="userRegistrationTest" time="3.485"/>
  <testcase classname="flightReservationTest.flightReservationTest" name="registrationConfirmationTest" time="1.475"/>
  <testcase classname="flightReservationTest.flightReservationTest" name="userRegistrationTest" time="3.062"/>
  <testcase classname="flightReservationTest.flightReservationTest" name="flightSelectTest" time="3.075"/>
  <testcase classname="flightReservationTest.flightReservationTest" name="reserveConfTest" time="0.857"/>
</testsuite> <!-- flightReservationTest.flightReservationTest -->
